<?xml version="1.0" encoding="utf-8"?><testsuites name="pytest tests"><testsuite name="pytest" errors="0" failures="0" skipped="0" tests="52" time="12.326" timestamp="2026-03-01T16:10:49.377019+05:30" hostname="KRIPAPC"><testcase classname="tests.test_auth.TestRegister" name="test_register_success" time="0.380" /><testcase classname="tests.test_auth.TestRegister" name="test_register_duplicate_email" time="0.228" /><testcase classname="tests.test_auth.TestRegister" name="test_register_short_password" time="0.008" /><testcase classname="tests.test_auth.TestRegister" name="test_register_invalid_email" time="0.011" /><testcase classname="tests.test_auth.TestRegister" name="test_register_with_optional_fields" time="0.441" /><testcase classname="tests.test_auth.TestLogin" name="test_login_success" time="0.432" /><testcase classname="tests.test_auth.TestLogin" name="test_login_wrong_password" time="0.422" /><testcase classname="tests.test_auth.TestLogin" name="test_login_unknown_email" time="0.010" /><testcase classname="tests.test_auth.TestRefresh" name="test_refresh_success" time="0.223" /><testcase classname="tests.test_auth.TestRefresh" name="test_refresh_without_cookie" time="0.006" /><testcase classname="tests.test_auth.TestRefresh" name="test_refresh_token_rotation" time="0.225" /><testcase classname="tests.test_auth.TestGetMe" name="test_get_me_authenticated" time="0.222" /><testcase classname="tests.test_auth.TestGetMe" name="test_get_me_unauthenticated" time="0.007" /><testcase classname="tests.test_auth.TestGetMe" name="test_get_me_invalid_token" time="0.013" /><testcase classname="tests.test_auth.TestLogout" name="test_logout_success" time="0.227" /><testcase classname="tests.test_auth.TestLogout" name="test_logout_unauthenticated" time="0.006" /><testcase classname="tests.test_projects.TestCreateProject" name="test_create_project_success" time="0.235" /><testcase classname="tests.test_projects.TestCreateProject" name="test_create_project_minimal" time="0.224" /><testcase classname="tests.test_projects.TestCreateProject" name="test_create_project_duplicate_key" time="0.230" /><testcase classname="tests.test_projects.TestCreateProject" name="test_create_project_unauthenticated" time="0.007" /><testcase classname="tests.test_projects.TestCreateProject" name="test_create_project_missing_name" time="0.222" /><testcase classname="tests.test_projects.TestCreateProject" name="test_create_project_missing_key" time="0.222" /><testcase classname="tests.test_projects.TestListProjects" name="test_list_projects_returns_own_project" time="0.236" /><testcase classname="tests.test_projects.TestListProjects" name="test_list_projects_empty_for_new_user" time="0.227" /><testcase classname="tests.test_projects.TestListProjects" name="test_list_projects_unauthenticated" time="0.006" /><testcase classname="tests.test_projects.TestGetProject" name="test_get_project_success" time="0.253" /><testcase classname="tests.test_projects.TestGetProject" name="test_get_project_not_found" time="0.220" /><testcase classname="tests.test_projects.TestGetProject" name="test_get_project_access_denied_for_non_member" time="0.442" /><testcase classname="tests.test_projects.TestGetProject" name="test_get_project_unauthenticated" time="0.225" /><testcase classname="tests.test_tickets.TestCreateTicket" name="test_create_ticket_success" time="0.235" /><testcase classname="tests.test_tickets.TestCreateTicket" name="test_create_ticket_auto_increments_key" time="0.245" /><testcase classname="tests.test_tickets.TestCreateTicket" name="test_create_ticket_with_story_type" time="0.231" /><testcase classname="tests.test_tickets.TestCreateTicket" name="test_create_ticket_missing_title" time="0.228" /><testcase classname="tests.test_tickets.TestCreateTicket" name="test_create_ticket_invalid_type" time="0.228" /><testcase classname="tests.test_tickets.TestCreateTicket" name="test_create_ticket_project_not_found" time="0.220" /><testcase classname="tests.test_tickets.TestCreateTicket" name="test_create_ticket_unauthenticated" time="0.237" /><testcase classname="tests.test_tickets.TestListTickets" name="test_list_tickets_success" time="0.253" /><testcase classname="tests.test_tickets.TestListTickets" name="test_list_tickets_pagination" time="0.289" /><testcase classname="tests.test_tickets.TestListTickets" name="test_list_tickets_excludes_deleted" time="0.248" /><testcase classname="tests.test_tickets.TestListTickets" name="test_list_tickets_non_member_forbidden" time="0.446" /><testcase classname="tests.test_tickets.TestGetTicket" name="test_get_ticket_success" time="0.241" /><testcase classname="tests.test_tickets.TestGetTicket" name="test_get_ticket_not_found" time="0.220" /><testcase classname="tests.test_tickets.TestGetTicket" name="test_get_deleted_ticket_returns_404" time="0.242" /><testcase classname="tests.test_tickets.TestUpdateTicket" name="test_update_title" time="0.245" /><testcase classname="tests.test_tickets.TestUpdateTicket" name="test_update_status" time="0.237" /><testcase classname="tests.test_tickets.TestUpdateTicket" name="test_update_priority_and_story_points" time="0.245" /><testcase classname="tests.test_tickets.TestUpdateTicket" name="test_update_invalid_status" time="0.248" /><testcase classname="tests.test_tickets.TestUpdateTicket" name="test_update_non_member_forbidden" time="0.456" /><testcase classname="tests.test_tickets.TestDeleteTicket" name="test_delete_ticket_as_owner" time="0.240" /><testcase classname="tests.test_tickets.TestDeleteTicket" name="test_delete_already_deleted_returns_404" time="0.239" /><testcase classname="tests.test_tickets.TestDeleteTicket" name="test_delete_non_member_forbidden" time="0.465" /><testcase classname="tests.test_tickets.TestDeleteTicket" name="test_delete_unauthenticated" time="0.240" /></testsuite></testsuites>